C51 COMPILER V9.01   BUZZER                                                                03/20/2024 01:22:19 PAGE 1   


C51 COMPILER V9.01, COMPILATION OF MODULE BUZZER
OBJECT MODULE PLACED IN .\obj\buzzer.obj
COMPILER INVOKED BY: D:\MyProgrammeSetUp\KEILC51\C51\BIN\C51.EXE src\drive\buzzer.c LARGE BROWSE INCDIR(..\final_project
                    -s;.\src;.\src\app;.\src\drive;.\src\include) DEBUG OBJECTEXTEND PRINT(.\lst\buzzer.lst) OBJECT(.\obj\buzzer.obj)

line level    source

   1          #include"buzzer.h"
   2          
   3          static unsigned int count = 0;
   4          static unsigned int flag = 0; //控制有没有声音的 ,1代表有声音，0代表没有声音
   5          static unsigned char mykhz;
   6          static unsigned char th0;
   7          static unsigned char tl0;
   8          
   9          
  10          void timer0_isr(void) interrupt 1{ //中断处理程序 每间隔256us就会进去一次
  11   1      //      TL0 = (65535-(500/mykhz))%256;
  12   1      //      TH0 = (65535-(500/mykhz))/256;  屏蔽的这两句原来是要进入中断后单片机自己计算的，但是会导致频率不对，因此
             -在主机计算完之后直接赋值给单片机可以快速计算
  13   1              TH0 = th0;
  14   1              TL0 = tl0;
  15   1              
  16   1       
  17   1              if(flag == 1){
  18   2                      buzzer = !buzzer;
  19   2              }
  20   1      }
  21          
  22          void buzzer_init(){             
  23   1              mykhz = 1;//设置一个默认初始值
  24   1              TMOD = 0x01;
  25   1              tl0 = (65535-(500/mykhz))%256;  //这里是我们的主机先计算好，随后在中断的时候直接赋值给单片机
  26   1              th0 = (65535-(500/mykhz))/256;
  27   1      
  28   1      //      TH0 = th0;
  29   1      //      TL0 = tl0;
  30   1              
  31   1              TR0 = 1;
  32   1              ET0 = 1;
  33   1              EA = 1;
  34   1              
  35   1              buzzer = 1;
  36   1              flag = 0;//1表示处于鸣叫的状态 0表示静默状态
  37   1              
  38   1      
  39   1      }
  40          
  41          
  42          void buzzer_start(){//控制buzzer开始响
  43   1              flag = 1;
  44   1      }
  45          
  46          void buzzer_stop(){
  47   1              flag = 0;
  48   1      }
  49          
  50          void buzzer_freq_set(unsigned char howmanykhz){
  51   1              tl0 = (65535-(500/howmanykhz))%256;
  52   1              th0 = (65535-(500/howmanykhz))/256;
  53   1      
C51 COMPILER V9.01   BUZZER                                                                03/20/2024 01:22:19 PAGE 2   

  54   1      }


MODULE INFORMATION:   STATIC OVERLAYABLE
   CODE SIZE        =    255    ----
   CONSTANT SIZE    =   ----    ----
   XDATA SIZE       =      7       1
   PDATA SIZE       =   ----    ----
   DATA SIZE        =   ----    ----
   IDATA SIZE       =   ----    ----
   BIT SIZE         =   ----    ----
END OF MODULE INFORMATION.


C51 COMPILATION COMPLETE.  0 WARNING(S),  0 ERROR(S)
