C51 COMPILER V9.01   DS1302DELAY                                                           03/20/2024 01:22:19 PAGE 1   


C51 COMPILER V9.01, COMPILATION OF MODULE DS1302DELAY
OBJECT MODULE PLACED IN .\obj\ds1302delay.obj
COMPILER INVOKED BY: D:\MyProgrammeSetUp\KEILC51\C51\BIN\C51.EXE src\drive\ds1302delay.c LARGE BROWSE INCDIR(..\final_pr
                    -ojects;.\src;.\src\app;.\src\drive;.\src\include) DEBUG OBJECTEXTEND PRINT(.\lst\ds1302delay.lst) OBJECT(.\obj\ds1302del
                    -ay.obj)

line level    source

   1          #include"ds1302delay.h"
   2          
   3          void delay1s(void)   
   4          {
   5   1          unsigned char a,b,c;
   6   1          for(c=167;c>0;c--)
   7   1              for(b=171;b>0;b--)
   8   1                  for(a=16;a>0;a--);
   9   1          _nop_();  //if Keil,require use intrins.h
  10   1      } 
  11          
  12                   
  13          
  14          void delay900ms(void)   //Îó²î 0us
  15          {
  16   1          unsigned char a,b,c;
  17   1          for(c=119;c>0;c--)
  18   1              for(b=216;b>0;b--)
  19   1                  for(a=16;a>0;a--);
  20   1      } 
  21          


MODULE INFORMATION:   STATIC OVERLAYABLE
   CODE SIZE        =     27    ----
   CONSTANT SIZE    =   ----    ----
   XDATA SIZE       =   ----    ----
   PDATA SIZE       =   ----    ----
   DATA SIZE        =   ----    ----
   IDATA SIZE       =   ----    ----
   BIT SIZE         =   ----    ----
END OF MODULE INFORMATION.


C51 COMPILATION COMPLETE.  0 WARNING(S),  0 ERROR(S)
